TN:
SF:src\app.js
FN:40,(anonymous_0)
FN:45,(anonymous_1)
FNF:2
FNH:0
FNDA:0,(anonymous_0)
FNDA:0,(anonymous_1)
DA:7,2
DA:13,2
DA:14,2
DA:17,2
DA:20,2
DA:24,2
DA:27,2
DA:30,2
DA:31,2
DA:37,2
DA:38,2
DA:40,2
DA:41,0
DA:45,2
DA:46,0
DA:47,0
LF:16
LH:13
BRF:0
BRH:0
end_of_record
TN:
SF:src\config\swagger.js
FNF:0
FNH:0
DA:3,2
DA:34,2
LF:2
LH:2
BRF:0
BRH:0
end_of_record
TN:
SF:src\controllers\authController.js
FN:5,(anonymous_0)
FN:42,(anonymous_1)
FN:73,(anonymous_2)
FNF:3
FNH:2
FNDA:1,(anonymous_0)
FNDA:1,(anonymous_1)
FNDA:0,(anonymous_2)
DA:5,2
DA:6,1
DA:7,1
DA:10,1
DA:14,1
DA:15,0
DA:19,1
DA:20,1
DA:23,1
DA:32,1
DA:36,1
DA:38,0
DA:42,2
DA:43,1
DA:44,1
DA:47,1
DA:51,1
DA:52,1
DA:56,0
DA:58,0
DA:59,0
DA:63,0
DA:67,0
DA:69,0
DA:73,2
DA:74,0
DA:75,0
DA:76,0
DA:78,0
DA:79,0
DA:83,0
DA:86,0
DA:88,0
DA:90,0
LF:34
LH:17
BRDA:14,0,0,0
BRDA:14,0,1,1
BRDA:51,1,0,1
BRDA:51,1,1,0
BRDA:58,2,0,0
BRDA:58,2,1,0
BRDA:78,3,0,0
BRDA:78,3,1,0
BRF:8
BRH:2
end_of_record
TN:
SF:src\controllers\vehicleController.js
FN:6,(anonymous_0)
FN:27,(anonymous_1)
FN:48,(anonymous_2)
FN:77,(anonymous_3)
FN:110,(anonymous_4)
FNF:5
FNH:2
FNDA:1,(anonymous_0)
FNDA:0,(anonymous_1)
FNDA:0,(anonymous_2)
FNDA:1,(anonymous_3)
FNDA:0,(anonymous_4)
DA:6,2
DA:7,1
DA:8,1
DA:10,1
DA:18,1
DA:20,0
DA:27,2
DA:28,0
DA:29,0
DA:39,0
DA:41,0
DA:48,2
DA:49,0
DA:50,0
DA:60,0
DA:61,0
DA:64,0
DA:65,0
DA:68,0
DA:70,0
DA:77,2
DA:78,1
DA:79,1
DA:80,1
DA:84,1
DA:88,1
DA:89,0
DA:92,1
DA:101,1
DA:103,0
DA:110,2
DA:111,0
DA:112,0
DA:113,0
DA:115,0
DA:119,0
DA:120,0
DA:123,0
DA:124,0
DA:127,0
DA:131,0
DA:132,0
DA:138,0
DA:143,0
DA:144,0
DA:145,0
DA:153,0
DA:158,0
LF:48
LH:16
BRDA:60,0,0,0
BRDA:60,0,1,0
BRDA:64,1,0,0
BRDA:64,1,1,0
BRDA:88,2,0,0
BRDA:88,2,1,1
BRDA:119,3,0,0
BRDA:119,3,1,0
BRDA:123,4,0,0
BRDA:123,4,1,0
BRDA:131,5,0,0
BRDA:131,5,1,0
BRDA:131,6,0,0
BRDA:131,6,1,0
BRF:14
BRH:1
end_of_record
TN:
SF:src\middlewares\authMiddleware.js
FN:4,(anonymous_0)
FNF:1
FNH:0
FNDA:0,(anonymous_0)
DA:4,1
DA:7,0
DA:11,0
DA:12,0
DA:14,0
DA:16,0
DA:21,0
DA:23,0
DA:24,0
DA:28,0
DA:29,0
LF:11
LH:1
BRDA:7,0,0,0
BRDA:7,0,1,0
BRDA:8,1,0,0
BRDA:8,1,1,0
BRDA:28,2,0,0
BRDA:28,2,1,0
BRF:6
BRH:0
end_of_record
TN:
SF:src\middlewares\validateMiddleware.js
FN:3,(anonymous_0)
FN:3,(anonymous_1)
FN:11,(anonymous_2)
FNF:3
FNH:2
FNDA:10,(anonymous_0)
FNDA:4,(anonymous_1)
FNDA:0,(anonymous_2)
DA:3,10
DA:4,4
DA:5,4
DA:6,4
DA:8,0
DA:9,0
DA:11,0
DA:17,0
LF:8
LH:4
BRDA:8,0,0,0
BRDA:8,0,1,0
BRF:2
BRH:0
end_of_record
TN:
SF:src\routes\authRoutes.js
FNF:0
FNH:0
DA:6,2
DA:37,2
DA:69,2
DA:95,2
DA:99,2
DA:100,2
DA:101,2
LF:7
LH:7
BRF:0
BRH:0
end_of_record
TN:
SF:src\routes\vehicleRoutes.js
FNF:0
FNH:0
DA:13,2
DA:16,2
DA:21,2
DA:64,2
DA:109,2
DA:138,2
DA:176,2
DA:209,2
LF:8
LH:8
BRF:0
BRH:0
end_of_record
